2015-04-09 08:01:54.721 +0000 [info] [] Start
2015-04-09 08:01:54.759 +0000 [error] [benchmark_io 1200] format error
2015-04-09 08:02:12.924 +0000 [error] [benchmark_io 0162] SSL_shutdown: Connection timed out
2015-04-09 08:02:14.373 +0000 [error] [benchmark_io 0184] SSL_connect: Connection timed out
2015-04-09 08:02:58.674 +0000 [error] [benchmark_io 0627] SSL_connect: Connection timed out
2015-04-09 08:03:05.167 +0000 [error] [benchmark_io 0692] SSL_connect: Connection timed out
2015-04-09 08:03:20.579 +0000 [error] [monitor_io] bq_sleep: Operation canceled
2015-04-09 08:03:20.580 +0000 [error] [phantom_logger] bq_sleep: Operation canceled
2015-04-09 08:03:20.580 +0000 [error] [benchmark_io stream_method brief_logger] bq_sleep: Operation canceled
2015-04-09 08:03:20.580 +0000 [error] [monitor_io] bq_sleep: Operation canceled
2015-04-09 08:03:20.580 +0000 [error] [benchmark_io 0852] SSL_connect: Operation canceled
2015-04-09 08:03:20.581 +0000 [error] [benchmark_io 0853] SSL_connect: Operation canceled
2015-04-09 08:03:20.582 +0000 [error] [benchmark_io 0854] SSL_connect: Operation canceled
2015-04-09 08:03:20.584 +0000 [error] [benchmark_io 0847] SSL_shutdown: Operation canceled
2015-04-09 08:03:20.585 +0000 [error] [benchmark_io 0855] SSL_connect: Operation canceled
2015-04-09 08:03:20.587 +0000 [error] [benchmark_io 0848] SSL_shutdown: Operation canceled
2015-04-09 08:03:20.588 +0000 [error] [benchmark_io 0856] SSL_connect: Operation canceled
2015-04-09 08:03:20.591 +0000 [error] [benchmark_io 0849] poll: Operation canceled
2015-04-09 08:03:20.592 +0000 [error] [benchmark_io 0850] poll: Operation canceled
2015-04-09 08:03:20.592 +0000 [error] [benchmark_io 0851] poll: Operation canceled
2015-04-09 08:03:20.593 +0000 [error] [benchmark_io 0857] connect: Operation canceled
2015-04-09 08:03:20.593 +0000 [error] [benchmark_io 0858] connect: Operation canceled
2015-04-09 08:03:20.595 +0000 [info] [] Exit
